<?xml version="1.0" encoding="UTF-8"?>
<testsuite name="com.rubylichtenstein.rxkotlintest.RxKotlinTestTest" tests="15" skipped="0" failures="0" errors="0" timestamp="2017-11-06T17:32:28" hostname="ruby-Lenovo-Ideapad-Flex-14" time="1.104">
  <properties/>
  <testcase name="valueAtTest" classname="com.rubylichtenstein.rxkotlintest.RxKotlinTestTest" time="0.456"/>
  <testcase name="notCompleteTest" classname="com.rubylichtenstein.rxkotlintest.RxKotlinTestTest" time="0.001"/>
  <testcase name="emptyTest" classname="com.rubylichtenstein.rxkotlintest.RxKotlinTestTest" time="0.001"/>
  <testcase name="testRandomOneObservable" classname="com.rubylichtenstein.rxkotlintest.RxKotlinTestTest" time="0.016"/>
  <testcase name="neverTest" classname="com.rubylichtenstein.rxkotlintest.RxKotlinTestTest" time="0.008"/>
  <testcase name="test10" classname="com.rubylichtenstein.rxkotlintest.RxKotlinTestTest" time="0.542"/>
  <testcase name="valueTest" classname="com.rubylichtenstein.rxkotlintest.RxKotlinTestTest" time="0.003"/>
  <testcase name="completeTest" classname="com.rubylichtenstein.rxkotlintest.RxKotlinTestTest" time="0.002"/>
  <testcase name="test1" classname="com.rubylichtenstein.rxkotlintest.RxKotlinTestTest" time="0.004"/>
  <testcase name="test2" classname="com.rubylichtenstein.rxkotlintest.RxKotlinTestTest" time="0.022"/>
  <testcase name="test3" classname="com.rubylichtenstein.rxkotlintest.RxKotlinTestTest" time="0.003"/>
  <testcase name="errorTest" classname="com.rubylichtenstein.rxkotlintest.RxKotlinTestTest" time="0.005"/>
  <testcase name="testOnlyEvens" classname="com.rubylichtenstein.rxkotlintest.RxKotlinTestTest" time="0.023"/>
  <testcase name="noErrorTest" classname="com.rubylichtenstein.rxkotlintest.RxKotlinTestTest" time="0.0"/>
  <testcase name="valuesTest" classname="com.rubylichtenstein.rxkotlintest.RxKotlinTestTest" time="0.0"/>
  <system-out><![CDATA[]]></system-out>
  <system-err><![CDATA[]]></system-err>
</testsuite>
